
SQL*Loader: Release 23.0.0.0.0 - Production on Sun Jun 29 14:10:11 2025
Version 23.8.0.25.04

Copyright (c) 1982, 2025, Oracle and/or its affiliates.  All rights reserved.

Control File:   booking.ctl
First primary datafile booking.csv has a
 utf8 byte order mark in it.

Data File:      booking.csv
  Bad File:     booking.bad
  Discard File:  none specified
 
 (Allow all discards)

Number to load: ALL
Number to skip: 0
Errors allowed: 50
Bind array:     250 rows, maximum of 1048576 bytes
Continuation:    none specified
Path used:      Conventional

Table TABLE_BOOKING, loaded from every logical record.
Insert option in effect for this table: TRUNCATE
TRAILING NULLCOLS option in effect

   Column Name                  Position   Len  Term Encl Datatype
------------------------------ ---------- ----- ---- ---- ---------------------
ID_                                 FIRST     *   ,  O(") CHARACTER            
NAME_                                NEXT     *   ,  O(") CHARACTER            

Record 1: Rejected - Error on table TABLE_BOOKING, column ID_.
ORA-01722: invalid number
Help: https://docs.oracle.com/error-help/db/ora-01722/


Table TABLE_BOOKING:
  3 Rows successfully loaded.
  1 Row not loaded due to data errors.
  0 Rows not loaded because all WHEN clauses were failed.
  0 Rows not loaded because all fields were null.


Space allocated for bind array:                 129000 bytes(250 rows)
Read   buffer bytes: 1048576

Total logical records skipped:          0
Total logical records read:             4
Total logical records rejected:         1
Total logical records discarded:        0

Run began on Sun Jun 29 14:10:11 2025
Run ended on Sun Jun 29 14:10:11 2025

Elapsed time was:     00:00:00.46
CPU time was:         00:00:00.03
